<?xml version="1.0" encoding="UTF-8"?>
<testng-results ignored="0" total="2" passed="2" failed="0" skipped="0">
  <reporter-output>
  </reporter-output>
  <suite started-at="2026-05-12T09:58:21 IST" name="Default suite" finished-at="2026-05-12T09:58:39 IST" duration-ms="17988">
    <groups>
    </groups>
    <test started-at="2026-05-12T09:58:21 IST" name="Default test" finished-at="2026-05-12T09:58:39 IST" duration-ms="17988">
      <class name="tests.LoginTest">
        <test-method is-config="true" signature="setup()[pri:0, instance:tests.LoginTest@3eb738bb]" started-at="2026-05-12T09:58:22 IST" name="setup" finished-at="2026-05-12T09:58:30 IST" duration-ms="7555" status="PASS">
          <reporter-output>
          </reporter-output>
        </test-method> <!-- setup -->
        <test-method signature="loginTest(java.lang.String,java.lang.String)[pri:0, instance:tests.LoginTest@3eb738bb]" started-at="2026-05-12T09:58:30 IST" name="loginTest" data-provider="loginData" finished-at="2026-05-12T09:58:32 IST" duration-ms="2013" status="PASS">
          <params>
            <param index="0">
              <value>
                <![CDATA[Admin]]>
              </value>
            </param>
            <param index="1">
              <value>
                <![CDATA[admin123]]>
              </value>
            </param>
          </params>
          <reporter-output>
          </reporter-output>
        </test-method> <!-- loginTest -->
        <test-method is-config="true" signature="tearDown()[pri:0, instance:tests.LoginTest@3eb738bb]" started-at="2026-05-12T09:58:32 IST" name="tearDown" finished-at="2026-05-12T09:58:32 IST" duration-ms="250" status="PASS">
          <reporter-output>
          </reporter-output>
        </test-method> <!-- tearDown -->
        <test-method is-config="true" signature="setup()[pri:0, instance:tests.LoginTest@3eb738bb]" started-at="2026-05-12T09:58:32 IST" name="setup" finished-at="2026-05-12T09:58:37 IST" duration-ms="4591" status="PASS">
          <reporter-output>
          </reporter-output>
        </test-method> <!-- setup -->
        <test-method signature="loginTest(java.lang.String,java.lang.String)[pri:0, instance:tests.LoginTest@3eb738bb]" started-at="2026-05-12T09:58:37 IST" name="loginTest" data-provider="loginData" finished-at="2026-05-12T09:58:39 IST" duration-ms="2422" status="PASS">
          <params>
            <param index="0">
              <value>
                <![CDATA[wronguser]]>
              </value>
            </param>
            <param index="1">
              <value>
                <![CDATA[wrongpass]]>
              </value>
            </param>
          </params>
          <reporter-output>
          </reporter-output>
        </test-method> <!-- loginTest -->
        <test-method is-config="true" signature="tearDown()[pri:0, instance:tests.LoginTest@3eb738bb]" started-at="2026-05-12T09:58:39 IST" name="tearDown" finished-at="2026-05-12T09:58:39 IST" duration-ms="147" status="PASS">
          <reporter-output>
          </reporter-output>
        </test-method> <!-- tearDown -->
      </class> <!-- tests.LoginTest -->
    </test> <!-- Default test -->
  </suite> <!-- Default suite -->
</testng-results>
