<?xml version="1.0" encoding="UTF-8"?>
<!-- Generated by org.testng.reporters.JUnitReportReporter -->
<testsuite hostname="DESKTOP-BV0N5SJ" failures="0" tests="3" name="api.UserAPITest" time="6.668" errors="0" timestamp="9 May 2026 07:43:21 GMT">
  <testcase classname="api.UserAPITest" name="createUserTest" time="2.325"/>
  <testcase classname="api.UserAPITest" name="getUsersTest" time="0.673"/>
  <testcase classname="api.UserAPITest" name="createPostUsingPojoTest" time="3.670"/>
</testsuite> <!-- api.UserAPITest -->
